<?xml version="1.0" encoding="UTF-8"?>
<!-- Generated by org.testng.reporters.JUnitReportReporter -->
<testsuite hostname="KnightKing" failures="0" tests="5" name="com.sample.testCases.TC_LoginDDT_002" time="24.489" errors="0" timestamp="2021-10-05T00:51:46 IST" skipped="0">
  <testcase classname="com.sample.testCases.TC_LoginDDT_002" name="loginDDT" time="4.827"/>
  <system-out/>
  <testcase classname="com.sample.testCases.TC_LoginDDT_002" name="loginDDT" time="5.103"/>
  <system-out/>
  <testcase classname="com.sample.testCases.TC_LoginDDT_002" name="loginDDT" time="4.816"/>
  <system-out/>
  <testcase classname="com.sample.testCases.TC_LoginDDT_002" name="loginDDT" time="4.841"/>
  <system-out/>
  <testcase classname="com.sample.testCases.TC_LoginDDT_002" name="loginDDT" time="4.902"/>
  <system-out/>
</testsuite> <!-- com.sample.testCases.TC_LoginDDT_002 -->
