<?xml version="1.0" encoding="UTF-8"?>
<!-- Generated by org.testng.reporters.JUnitReportReporter -->
<testsuite hostname="KnightKing" failures="0" tests="1" name="com.sample.testCases.TC_LoginTest_001" time="4.309" errors="0" timestamp="2021-10-05T00:51:46 IST" skipped="0">
  <testcase classname="com.sample.testCases.TC_LoginTest_001" name="loginTest_001" time="4.309"/>
  <system-out/>
</testsuite> <!-- com.sample.testCases.TC_LoginTest_001 -->
