<?xml version="1.0" encoding="UTF-8"?>
<!-- Generated by org.testng.reporters.JUnitReportReporter -->
<testsuite hostname="KnightKing" failures="0" tests="5" name="com.sample.testCases.TC_LoginDDT_002" time="24.573" errors="0" timestamp="2021-10-06T02:28:19 IST" skipped="0">
  <testcase classname="com.sample.testCases.TC_LoginDDT_002" name="loginDDT" time="4.900"/>
  <system-out/>
  <testcase classname="com.sample.testCases.TC_LoginDDT_002" name="loginDDT" time="4.901"/>
  <system-out/>
  <testcase classname="com.sample.testCases.TC_LoginDDT_002" name="loginDDT" time="5.056"/>
  <system-out/>
  <testcase classname="com.sample.testCases.TC_LoginDDT_002" name="loginDDT" time="4.850"/>
  <system-out/>
  <testcase classname="com.sample.testCases.TC_LoginDDT_002" name="loginDDT" time="4.866"/>
  <system-out/>
</testsuite> <!-- com.sample.testCases.TC_LoginDDT_002 -->
